/
/Users
/Users/macbookair
/Users/macbookair/.homesick
/Users/macbookair/.homesick/repos
/Users/macbookair/.homesick/repos/dotfiles
/Users/macbookair/.homesick/repos/dotfiles
/
/Users/macbookair/work/tdr
/Users/macbookair/work/tdr/upload/recommend_images
/Users/macbookair/work/tdr/upload/tdr_ec300
/Users/macbookair/work/tdr/upload/tdr_mob_admin
/Users/macbookair/work/tdr/upload/tdrmob_20150812_05
/Users/macbookair/work/tdr/upload/tdrspn_20150812_04
/Users/macbookair/ansible-works
/Users/macbookair/Applications
/Users/macbookair/backup_prezto
/Users/macbookair/backups
/Users/macbookair/Desktop
/Users/macbookair/Documents
/Users/macbookair/Downloads
/Users/macbookair/Dropbox
/Users/macbookair/go
/Users/macbookair/Google ドライブ
/Users/macbookair/IdeaProjects
/Users/macbookair/iMacros
/Users/macbookair/Library
/Users/macbookair/line-log
/Users/macbookair/Movies
/Users/macbookair/Music
/Users/macbookair/paros
/Users/macbookair/pear
/Users/macbookair/Pictures
/Users/macbookair/Public
/Users/macbookair/ssh
/Users/macbookair/tmux-powerline
/Users/macbookair/tools
/Users/macbookair/vagrants
/Users/macbookair/VirtualBox VMs
/Users/macbookair/work2
/Users/macbookair/zsh-notify
/Users
/Users/macbookair/work
/Users/macbookair/work/ccjc/ap2_2013_janrain_dev
/Users/macbookair/work/ccjc/ap_ad2_2013_janrain_dev
/Users/macbookair/work/ccjc/apad
/Users/macbookair/work/ccjc/aqsp_2013_janrain_dev
/Users/macbookair/work/ccjc/ccej
/Users/macbookair/work/ccjc/ccjcreg
/Users/macbookair/work/ccjc/common
/Users/macbookair/work/ccjc/fanta_serial_2015_01
/Users/macbookair/work/ccjc/fanta_serial_2015_02
/Users/macbookair/work/ccjc/fanta_serial_phase3
/Users/macbookair/work/ccjc/ga_2013_janrain_dev
/Users/macbookair/work/ccjc/ko
/Users/macbookair/work/ccjc/line_camps
/Users/macbookair/work/ccjc/skb
/Users/macbookair/work/ccjc/skb_2015_janrain_dev
/Users/macbookair/work/ccjc/uDeploy
/Users/macbookair/work/ccjc/upload
/Users/macbookair/work/ccjc/work
/Users/macbookair/work/ccjc
/Users/macbookair/work/tdr/upload
/Users/macbookair/.homesick/repos/dotfiles/home
/Users/macbookair
/Users/macbookair/.homesick
/Users/macbookair/.homesick/repos
/Users/macbookair/.homesick/repos/dotfiles
